Traceback (most recent call last):
  File "/opt/hostedtoolcache/Python/3.9.13/x64/lib/python3.9/site-packages/jupyter_cache/executors/utils.py", line 51, in single_nb_execution
    executenb(
  File "/opt/hostedtoolcache/Python/3.9.13/x64/lib/python3.9/site-packages/nbclient/client.py", line 1204, in execute
    return NotebookClient(nb=nb, resources=resources, km=km, **kwargs).execute()
  File "/opt/hostedtoolcache/Python/3.9.13/x64/lib/python3.9/site-packages/nbclient/util.py", line 84, in wrapped
    return just_run(coro(*args, **kwargs))
  File "/opt/hostedtoolcache/Python/3.9.13/x64/lib/python3.9/site-packages/nbclient/util.py", line 62, in just_run
    return loop.run_until_complete(coro)
  File "/opt/hostedtoolcache/Python/3.9.13/x64/lib/python3.9/asyncio/base_events.py", line 647, in run_until_complete
    return future.result()
  File "/opt/hostedtoolcache/Python/3.9.13/x64/lib/python3.9/site-packages/nbclient/client.py", line 663, in async_execute
    await self.async_execute_cell(
  File "/opt/hostedtoolcache/Python/3.9.13/x64/lib/python3.9/site-packages/nbclient/client.py", line 965, in async_execute_cell
    await self._check_raise_for_error(cell, cell_index, exec_reply)
  File "/opt/hostedtoolcache/Python/3.9.13/x64/lib/python3.9/site-packages/nbclient/client.py", line 862, in _check_raise_for_error
    raise CellExecutionError.from_cell_and_msg(cell, exec_reply_content)
nbclient.exceptions.CellExecutionError: An error occurred while executing the following cell:
------------------
import torch

def tanh(x):
    return 2. / (1. + torch.exp(-2 * x)) - 1.

x = torch.autograd.Variable(torch.linspace(-3, 3, 50),
                            requires_grad=True)
tan_x = tanh(x)
tan_x.backward(torch.ones_like(x))
grad_tanh_x = x.grad

plt.figure()
plt.plot(x.detach().numpy(), tan_x.detach().numpy(), label='tanh(x)')
plt.plot(x.detach().numpy(), grad_tanh_x.detach().numpy(), label='tanh\'(x)')
plt.legend()
plt.grid('on');
------------------

[0;31m---------------------------------------------------------------------------[0m
[0;31mModuleNotFoundError[0m                       Traceback (most recent call last)
Cell [0;32mIn [2], line 1[0m
[0;32m----> 1[0m [38;5;28;01mimport[39;00m [38;5;21;01mtorch[39;00m
[1;32m      3[0m [38;5;28;01mdef[39;00m [38;5;21mtanh[39m(x):
[1;32m      4[0m     [38;5;28;01mreturn[39;00m [38;5;241m2.[39m [38;5;241m/[39m ([38;5;241m1.[39m [38;5;241m+[39m torch[38;5;241m.[39mexp([38;5;241m-[39m[38;5;241m2[39m [38;5;241m*[39m x)) [38;5;241m-[39m [38;5;241m1.[39m

[0;31mModuleNotFoundError[0m: No module named 'torch'
ModuleNotFoundError: No module named 'torch'

