Traceback (most recent call last):
  File "/opt/hostedtoolcache/Python/3.9.17/x64/lib/python3.9/site-packages/jupyter_cache/executors/utils.py", line 58, in single_nb_execution
    executenb(
  File "/opt/hostedtoolcache/Python/3.9.17/x64/lib/python3.9/site-packages/nbclient/client.py", line 1305, in execute
    return NotebookClient(nb=nb, resources=resources, km=km, **kwargs).execute()
  File "/opt/hostedtoolcache/Python/3.9.17/x64/lib/python3.9/site-packages/jupyter_core/utils/__init__.py", line 166, in wrapped
    return loop.run_until_complete(inner)
  File "/opt/hostedtoolcache/Python/3.9.17/x64/lib/python3.9/asyncio/base_events.py", line 647, in run_until_complete
    return future.result()
  File "/opt/hostedtoolcache/Python/3.9.17/x64/lib/python3.9/site-packages/nbclient/client.py", line 705, in async_execute
    await self.async_execute_cell(
  File "/opt/hostedtoolcache/Python/3.9.17/x64/lib/python3.9/site-packages/nbclient/client.py", line 1058, in async_execute_cell
    await self._check_raise_for_error(cell, cell_index, exec_reply)
  File "/opt/hostedtoolcache/Python/3.9.17/x64/lib/python3.9/site-packages/nbclient/client.py", line 914, in _check_raise_for_error
    raise CellExecutionError.from_cell_and_msg(cell, exec_reply_content)
nbclient.exceptions.CellExecutionError: An error occurred while executing the following cell:
------------------
import keras_core as keras
from keras.layers import Dense, InputLayer
from keras.models import Sequential

model = Sequential([
    InputLayer(input_shape=(10, )),
    Dense(units=20, activation="relu"),
    Dense(units=3, activation="softmax")
])

model.summary()
------------------

----- stdout -----
Using TensorFlow backend
------------------

[0;31m---------------------------------------------------------------------------[0m
[0;31mModuleNotFoundError[0m                       Traceback (most recent call last)
Cell [0;32mIn[3], line 1[0m
[0;32m----> 1[0m [38;5;28;01mimport[39;00m [38;5;21;01mkeras_core[39;00m [38;5;28;01mas[39;00m [38;5;21;01mkeras[39;00m
[1;32m      2[0m [38;5;28;01mfrom[39;00m [38;5;21;01mkeras[39;00m[38;5;21;01m.[39;00m[38;5;21;01mlayers[39;00m [38;5;28;01mimport[39;00m Dense, InputLayer
[1;32m      3[0m [38;5;28;01mfrom[39;00m [38;5;21;01mkeras[39;00m[38;5;21;01m.[39;00m[38;5;21;01mmodels[39;00m [38;5;28;01mimport[39;00m Sequential

File [0;32m/opt/hostedtoolcache/Python/3.9.17/x64/lib/python3.9/site-packages/keras_core/__init__.py:8[0m
[1;32m      1[0m [38;5;124;03m"""DO NOT EDIT.[39;00m
[1;32m      2[0m 
[1;32m      3[0m [38;5;124;03mThis file was autogenerated. Do not edit it by hand,[39;00m
[1;32m      4[0m [38;5;124;03msince your modifications would be overwritten.[39;00m
[1;32m      5[0m [38;5;124;03m"""[39;00m
[0;32m----> 8[0m [38;5;28;01mfrom[39;00m [38;5;21;01mkeras_core[39;00m [38;5;28;01mimport[39;00m activations
[1;32m      9[0m [38;5;28;01mfrom[39;00m [38;5;21;01mkeras_core[39;00m [38;5;28;01mimport[39;00m applications
[1;32m     10[0m [38;5;28;01mfrom[39;00m [38;5;21;01mkeras_core[39;00m [38;5;28;01mimport[39;00m backend

File [0;32m/opt/hostedtoolcache/Python/3.9.17/x64/lib/python3.9/site-packages/keras_core/activations/__init__.py:8[0m
[1;32m      1[0m [38;5;124;03m"""DO NOT EDIT.[39;00m
[1;32m      2[0m 
[1;32m      3[0m [38;5;124;03mThis file was autogenerated. Do not edit it by hand,[39;00m
[1;32m      4[0m [38;5;124;03msince your modifications would be overwritten.[39;00m
[1;32m      5[0m [38;5;124;03m"""[39;00m
[0;32m----> 8[0m [38;5;28;01mfrom[39;00m [38;5;21;01mkeras_core[39;00m[38;5;21;01m.[39;00m[38;5;21;01msrc[39;00m[38;5;21;01m.[39;00m[38;5;21;01mactivations[39;00m [38;5;28;01mimport[39;00m deserialize
[1;32m      9[0m [38;5;28;01mfrom[39;00m [38;5;21;01mkeras_core[39;00m[38;5;21;01m.[39;00m[38;5;21;01msrc[39;00m[38;5;21;01m.[39;00m[38;5;21;01mactivations[39;00m [38;5;28;01mimport[39;00m get
[1;32m     10[0m [38;5;28;01mfrom[39;00m [38;5;21;01mkeras_core[39;00m[38;5;21;01m.[39;00m[38;5;21;01msrc[39;00m[38;5;21;01m.[39;00m[38;5;21;01mactivations[39;00m [38;5;28;01mimport[39;00m serialize

File [0;32m/opt/hostedtoolcache/Python/3.9.17/x64/lib/python3.9/site-packages/keras_core/src/__init__.py:1[0m
[0;32m----> 1[0m [38;5;28;01mfrom[39;00m [38;5;21;01mkeras_core[39;00m[38;5;21;01m.[39;00m[38;5;21;01msrc[39;00m [38;5;28;01mimport[39;00m activations
[1;32m      2[0m [38;5;28;01mfrom[39;00m [38;5;21;01mkeras_core[39;00m[38;5;21;01m.[39;00m[38;5;21;01msrc[39;00m [38;5;28;01mimport[39;00m applications
[1;32m      3[0m [38;5;28;01mfrom[39;00m [38;5;21;01mkeras_core[39;00m[38;5;21;01m.[39;00m[38;5;21;01msrc[39;00m [38;5;28;01mimport[39;00m backend

File [0;32m/opt/hostedtoolcache/Python/3.9.17/x64/lib/python3.9/site-packages/keras_core/src/activations/__init__.py:3[0m
[1;32m      1[0m [38;5;28;01mimport[39;00m [38;5;21;01mtypes[39;00m
[0;32m----> 3[0m [38;5;28;01mfrom[39;00m [38;5;21;01mkeras_core[39;00m[38;5;21;01m.[39;00m[38;5;21;01msrc[39;00m[38;5;21;01m.[39;00m[38;5;21;01mactivations[39;00m[38;5;21;01m.[39;00m[38;5;21;01mactivations[39;00m [38;5;28;01mimport[39;00m elu
[1;32m      4[0m [38;5;28;01mfrom[39;00m [38;5;21;01mkeras_core[39;00m[38;5;21;01m.[39;00m[38;5;21;01msrc[39;00m[38;5;21;01m.[39;00m[38;5;21;01mactivations[39;00m[38;5;21;01m.[39;00m[38;5;21;01mactivations[39;00m [38;5;28;01mimport[39;00m exponential
[1;32m      5[0m [38;5;28;01mfrom[39;00m [38;5;21;01mkeras_core[39;00m[38;5;21;01m.[39;00m[38;5;21;01msrc[39;00m[38;5;21;01m.[39;00m[38;5;21;01mactivations[39;00m[38;5;21;01m.[39;00m[38;5;21;01mactivations[39;00m [38;5;28;01mimport[39;00m gelu

File [0;32m/opt/hostedtoolcache/Python/3.9.17/x64/lib/python3.9/site-packages/keras_core/src/activations/activations.py:1[0m
[0;32m----> 1[0m [38;5;28;01mfrom[39;00m [38;5;21;01mkeras_core[39;00m[38;5;21;01m.[39;00m[38;5;21;01msrc[39;00m [38;5;28;01mimport[39;00m backend
[1;32m      2[0m [38;5;28;01mfrom[39;00m [38;5;21;01mkeras_core[39;00m[38;5;21;01m.[39;00m[38;5;21;01msrc[39;00m [38;5;28;01mimport[39;00m ops
[1;32m      3[0m [38;5;28;01mfrom[39;00m [38;5;21;01mkeras_core[39;00m[38;5;21;01m.[39;00m[38;5;21;01msrc[39;00m[38;5;21;01m.[39;00m[38;5;21;01mapi_export[39;00m [38;5;28;01mimport[39;00m keras_core_export

File [0;32m/opt/hostedtoolcache/Python/3.9.17/x64/lib/python3.9/site-packages/keras_core/src/backend/__init__.py:33[0m
[1;32m     31[0m [38;5;28;01mif[39;00m backend() [38;5;241m==[39m [38;5;124m"[39m[38;5;124mtensorflow[39m[38;5;124m"[39m:
[1;32m     32[0m     print_msg([38;5;124m"[39m[38;5;124mUsing TensorFlow backend[39m[38;5;124m"[39m)
[0;32m---> 33[0m     [38;5;28;01mfrom[39;00m [38;5;21;01mkeras_core[39;00m[38;5;21;01m.[39;00m[38;5;21;01msrc[39;00m[38;5;21;01m.[39;00m[38;5;21;01mbackend[39;00m[38;5;21;01m.[39;00m[38;5;21;01mtensorflow[39;00m [38;5;28;01mimport[39;00m [38;5;241m*[39m  [38;5;66;03m# noqa: F403[39;00m
[1;32m     34[0m [38;5;28;01melif[39;00m backend() [38;5;241m==[39m [38;5;124m"[39m[38;5;124mjax[39m[38;5;124m"[39m:
[1;32m     35[0m     print_msg([38;5;124m"[39m[38;5;124mUsing JAX backend.[39m[38;5;124m"[39m)

File [0;32m/opt/hostedtoolcache/Python/3.9.17/x64/lib/python3.9/site-packages/keras_core/src/backend/tensorflow/__init__.py:1[0m
[0;32m----> 1[0m [38;5;28;01mfrom[39;00m [38;5;21;01mkeras_core[39;00m[38;5;21;01m.[39;00m[38;5;21;01msrc[39;00m[38;5;21;01m.[39;00m[38;5;21;01mbackend[39;00m[38;5;21;01m.[39;00m[38;5;21;01mtensorflow[39;00m [38;5;28;01mimport[39;00m core
[1;32m      2[0m [38;5;28;01mfrom[39;00m [38;5;21;01mkeras_core[39;00m[38;5;21;01m.[39;00m[38;5;21;01msrc[39;00m[38;5;21;01m.[39;00m[38;5;21;01mbackend[39;00m[38;5;21;01m.[39;00m[38;5;21;01mtensorflow[39;00m [38;5;28;01mimport[39;00m image
[1;32m      3[0m [38;5;28;01mfrom[39;00m [38;5;21;01mkeras_core[39;00m[38;5;21;01m.[39;00m[38;5;21;01msrc[39;00m[38;5;21;01m.[39;00m[38;5;21;01mbackend[39;00m[38;5;21;01m.[39;00m[38;5;21;01mtensorflow[39;00m [38;5;28;01mimport[39;00m math

File [0;32m/opt/hostedtoolcache/Python/3.9.17/x64/lib/python3.9/site-packages/keras_core/src/backend/tensorflow/core.py:2[0m
[1;32m      1[0m [38;5;28;01mimport[39;00m [38;5;21;01mnumpy[39;00m [38;5;28;01mas[39;00m [38;5;21;01mnp[39;00m
[0;32m----> 2[0m [38;5;28;01mimport[39;00m [38;5;21;01mtensorflow[39;00m [38;5;28;01mas[39;00m [38;5;21;01mtf[39;00m
[1;32m      3[0m [38;5;28;01mfrom[39;00m [38;5;21;01mtensorflow[39;00m[38;5;21;01m.[39;00m[38;5;21;01mcompiler[39;00m[38;5;21;01m.[39;00m[38;5;21;01mtf2xla[39;00m[38;5;21;01m.[39;00m[38;5;21;01mpython[39;00m[38;5;21;01m.[39;00m[38;5;21;01mxla[39;00m [38;5;28;01mimport[39;00m dynamic_update_slice
[1;32m      5[0m [38;5;28;01mfrom[39;00m [38;5;21;01mkeras_core[39;00m[38;5;21;01m.[39;00m[38;5;21;01msrc[39;00m[38;5;21;01m.[39;00m[38;5;21;01mbackend[39;00m[38;5;21;01m.[39;00m[38;5;21;01mcommon[39;00m [38;5;28;01mimport[39;00m KerasVariable

[0;31mModuleNotFoundError[0m: No module named 'tensorflow'

